"../../../../../Magisterka/Unreal/Magisterka/Content/Blueprints/BlockWall.uasset" 0
"../../../../../Magisterka/Unreal/Magisterka/Content/BlockWall.uasset" 1
"../../../../../Magisterka/Unreal/Magisterka/Content/Geometry/Meshes/CubeMaterial.uasset" 2
"../../../../../Magisterka/Unreal/Magisterka/Content/Geometry/Meshes/1M_Cube.uasset" 3
"../../../../../Magisterka/Unreal/Magisterka/Content/Geometry/Meshes/1M_Cube_Chamfer.uasset" 4
"../../../../../Magisterka/Unreal/Magisterka/Content/Geometry/Meshes/TemplateFloor.uasset" 5
"../../../../../Magisterka/Unreal/Magisterka/Content/Physics/PinPhysics.uasset" 6
"../../../../../Magisterka/Unreal/Magisterka/Content/StarterContent/Materials/M_Basic_Wall.uasset" 7
"../../../../../Magisterka/Unreal/Magisterka/Content/StarterContent/Architecture/Pillar_50x500.uasset" 8
"../../../../../Magisterka/Unreal/Magisterka/Content/StarterContent/Architecture/Wall_400x300.uasset" 9
"../../../../../Magisterka/Unreal/Magisterka/Content/StarterContent/Architecture/Wall_400x400.uasset" 10
"../../../../../Magisterka/Unreal/Magisterka/Content/StarterContent/Architecture/Wall_500x500.uasset" 11
"../../../../../Magisterka/Unreal/Magisterka/Content/StarterContent/Architecture/Wall_Door_400x400.uasset" 12
"../../../../../Magisterka/Unreal/Magisterka/Content/StarterContent/Architecture/Wall_Window_400x400.uasset" 13
"../../../../../Magisterka/Unreal/Magisterka/Content/StarterContent/Audio/Collapse01.uasset" 14
"../../../../../Magisterka/Unreal/Magisterka/Content/StarterContent/Audio/Collapse02.uasset" 15
"../../../../../Magisterka/Unreal/Magisterka/Content/StarterContent/Audio/Explosion01.uasset" 16
"../../../../../Magisterka/Unreal/Magisterka/Content/StarterContent/Audio/Explosion02.uasset" 17
"../../../../../Magisterka/Unreal/Magisterka/Content/StarterContent/Audio/Fire01.uasset" 18
"../../../../../Magisterka/Unreal/Magisterka/Content/StarterContent/Audio/Fire_Sparks01.uasset" 19
"../../../../../Magisterka/Unreal/Magisterka/Content/StarterContent/Audio/Light01.uasset" 20
"../../../../../Magisterka/Unreal/Magisterka/Content/StarterContent/Audio/Light01_Cue.uasset" 21
"../../../../../Magisterka/Unreal/Magisterka/Content/StarterContent/Audio/Light02.uasset" 22
"../../../../../Magisterka/Unreal/Magisterka/Content/StarterContent/Audio/Light02_Cue.uasset" 23
"../../../../../Magisterka/Unreal/Magisterka/Content/StarterContent/Audio/Smoke01.uasset" 24
"../../../../../Magisterka/Unreal/Magisterka/Content/StarterContent/Audio/Starter_Birds01.uasset" 25
"../../../../../Magisterka/Unreal/Magisterka/Content/StarterContent/Audio/Starter_Music01.uasset" 26
"../../../../../Magisterka/Unreal/Magisterka/Content/StarterContent/Audio/Starter_Wind05.uasset" 27
"../../../../../Magisterka/Unreal/Magisterka/Content/StarterContent/Audio/Starter_Wind06.uasset" 28
"../../../../../Magisterka/Unreal/Magisterka/Content/StarterContent/Audio/Steam01.uasset" 29
"../../../../../Magisterka/Unreal/Magisterka/Content/StarterContent/Audio/Explosion_Cue.uasset" 30
"../../../../../Magisterka/Unreal/Magisterka/Content/StarterContent/Textures/T_Burst_M.uasset" 31
"../../../../../Magisterka/Unreal/Magisterka/Content/StarterContent/Particles/Materials/M_Burst.uasset" 32
"../../../../../Magisterka/Unreal/Magisterka/Content/StarterContent/Textures/T_Explosion_SubUV.uasset" 33
"../../../../../Magisterka/Unreal/Magisterka/Content/StarterContent/Particles/Materials/M_explosion_subUV.uasset" 34
"../../../../../Magisterka/Unreal/Magisterka/Content/StarterContent/Particles/Materials/m_flare_01.uasset" 35
"../../../Engine/Content/Functions/Engine_MaterialFunctions01/Gradient/RadialGradient.uasset" 36
"../../../../../Magisterka/Unreal/Magisterka/Content/StarterContent/Particles/Materials/M_radial_ramp.uasset" 37
"../../../../../Magisterka/Unreal/Magisterka/Content/StarterContent/Textures/T_Smoke_SubUV.uasset" 38
"../../../../../Magisterka/Unreal/Magisterka/Content/StarterContent/Textures/T_Smoke_Tiled_D.uasset" 39
"../../../../../Magisterka/Unreal/Magisterka/Content/StarterContent/Particles/Materials/M_smoke_subUV.uasset" 40
"../../../../../Magisterka/Unreal/Magisterka/Content/StarterContent/Particles/P_Explosion.uasset" 41
"../../../../../Magisterka/Unreal/Magisterka/Content/StarterContent/Blueprints/Blueprint_Effect_Explosion.uasset" 42
"../../../Engine/Content/EditorMeshes/ColorCalibrator/T_ColorGrid.uasset" 43
"../../../../../Magisterka/Unreal/Magisterka/Content/StarterContent/Materials/M_ColorGrid_LowSpec.uasset" 44
"../../../../../Magisterka/Unreal/Magisterka/Content/StarterContent/Textures/T_Bush_D.uasset" 45
"../../../../../Magisterka/Unreal/Magisterka/Content/StarterContent/Textures/T_Bush_N.uasset" 46
"../../../../../Magisterka/Unreal/Magisterka/Content/StarterContent/Props/Materials/M_Bush.uasset" 47
"../../../../../Magisterka/Unreal/Magisterka/Content/StarterContent/Props/SM_Bush.uasset" 48
"../../../../../Magisterka/Unreal/Magisterka/Content/StarterContent/Textures/T_Chair_M.uasset" 49
"../../../../../Magisterka/Unreal/Magisterka/Content/StarterContent/Textures/T_Chair_N.uasset" 50
"../../../../../Magisterka/Unreal/Magisterka/Content/StarterContent/Props/Materials/M_Chair.uasset" 51
"../../../../../Magisterka/Unreal/Magisterka/Content/StarterContent/Props/SM_Couch.uasset" 52
"../../../../../Magisterka/Unreal/Magisterka/Content/StarterContent/Materials/M_Glass.uasset" 53
"../../../../../Magisterka/Unreal/Magisterka/Content/StarterContent/Textures/T_Door_M.uasset" 54
"../../../../../Magisterka/Unreal/Magisterka/Content/StarterContent/Textures/T_Door_N.uasset" 55
"../../../../../Magisterka/Unreal/Magisterka/Content/StarterContent/Props/Materials/M_Door.uasset" 56
"../../../../../Magisterka/Unreal/Magisterka/Content/StarterContent/Props/SM_Door.uasset" 57
"../../../../../Magisterka/Unreal/Magisterka/Content/StarterContent/Props/Materials/M_MaterialSphere.uasset" 58
"../../../../../Magisterka/Unreal/Magisterka/Content/StarterContent/Props/Materials/M_MaterialSphere_Plain.uasset" 59
"../../../../../Magisterka/Unreal/Magisterka/Content/StarterContent/Props/SM_MatPreviewMesh_02.uasset" 60
"../../../Engine/Content/Functions/Engine_MaterialFunctions02/Utility/BlendAngleCorrectedNormals.uasset" 61
"../../../../../Magisterka/Unreal/Magisterka/Content/StarterContent/Textures/T_Detail_Rocky_N.uasset" 62
"../../../../../Magisterka/Unreal/Magisterka/Content/StarterContent/Textures/T_Rock_Basalt_D.uasset" 63
"../../../../../Magisterka/Unreal/Magisterka/Content/StarterContent/Textures/T_RockMesh_M.uasset" 64
"../../../../../Magisterka/Unreal/Magisterka/Content/StarterContent/Textures/T_RockMesh_N.uasset" 65
"../../../../../Magisterka/Unreal/Magisterka/Content/StarterContent/Props/Materials/M_Rock.uasset" 66
"../../../../../Magisterka/Unreal/Magisterka/Content/StarterContent/Props/SM_Rock.uasset" 67
"../../../../../Magisterka/Unreal/Magisterka/Content/StarterContent/Textures/T_Shelf_M.uasset" 68
"../../../../../Magisterka/Unreal/Magisterka/Content/StarterContent/Textures/T_Shelf_N.uasset" 69
"../../../../../Magisterka/Unreal/Magisterka/Content/StarterContent/Props/Materials/M_Shelf.uasset" 70
"../../../../../Magisterka/Unreal/Magisterka/Content/StarterContent/Props/SM_Shelf.uasset" 71
"../../../../../Magisterka/Unreal/Magisterka/Content/StarterContent/Materials/M_Basic_Floor.uasset" 72
"../../../../../Magisterka/Unreal/Magisterka/Content/StarterContent/Props/SM_Stairs.uasset" 73
"../../../../../Magisterka/Unreal/Magisterka/Content/StarterContent/Shapes/Shape_Cone.uasset" 74
"../../../../../Magisterka/Unreal/Magisterka/Content/StarterContent/Shapes/Shape_Cylinder.uasset" 75
"../../../../../Magisterka/Unreal/Magisterka/Content/StarterContent/Shapes/Shape_NarrowCapsule.uasset" 76
"../../../../../Magisterka/Unreal/Magisterka/Content/StarterContent/Shapes/Shape_Pipe.uasset" 77
"../../../../../Magisterka/Unreal/Magisterka/Content/StarterContent/Shapes/Shape_Pipe_180.uasset" 78
"../../../../../Magisterka/Unreal/Magisterka/Content/StarterContent/Shapes/Shape_Pipe_90.uasset" 79
"../../../../../Magisterka/Unreal/Magisterka/Content/StarterContent/Shapes/Shape_Plane.uasset" 80
"../../../../../Magisterka/Unreal/Magisterka/Content/StarterContent/Shapes/Shape_Torus.uasset" 81
"../../../../../Magisterka/Unreal/Magisterka/Content/StarterContent/Shapes/Shape_Trim.uasset" 82
"../../../../../Magisterka/Unreal/Magisterka/Content/StarterContent/Shapes/Shape_Trim_90_In.uasset" 83
"../../../../../Magisterka/Unreal/Magisterka/Content/StarterContent/Shapes/Shape_Trim_90_Out.uasset" 84
"../../../../../Magisterka/Unreal/Magisterka/Content/StarterContent/Shapes/Shape_TriPyramid.uasset" 85
"../../../../../Magisterka/Unreal/Magisterka/Content/StarterContent/Shapes/Shape_Tube.uasset" 86
"../../../../../Magisterka/Unreal/Magisterka/Content/StarterContent/Shapes/Shape_Wedge_A.uasset" 87
"../../../../../Magisterka/Unreal/Magisterka/Content/StarterContent/Shapes/Shape_Wedge_B.uasset" 88
"../../../../../Magisterka/Unreal/Magisterka/Content/StarterContent/Shapes/Shape_WideCapsule.uasset" 89
"../../../../../Magisterka/Unreal/Magisterka/Content/VirtualRealityBP/Blueprints/PickupActorInterface.uasset" 90
"../../../../../Magisterka/Unreal/Magisterka/Content/Texture/Minigolf/new/border.uasset" 91
"../../../../../Magisterka/Unreal/Magisterka/Content/Texture/Minigolf/new/dark.uasset" 92
"../../../../../Magisterka/Unreal/Magisterka/Content/Texture/Minigolf/new/metal.uasset" 93
"../../../../../Magisterka/Unreal/Magisterka/Content/Texture/Minigolf/new/club_red.uasset" 94
"../../../../../Magisterka/Unreal/Magisterka/Content/Texture/Minigolf/Club_golf.uasset" 95
"../../../../../Magisterka/Unreal/Magisterka/Content/Texture/Club_golf.uasset" 96
"../../../Engine/Content/EditorBlueprintResources/StandardMacros.uasset" 97
"../../../../../Magisterka/Unreal/Magisterka/Content/Blueprints/Score_point_golf.uasset" 98
"../../../../../Magisterka/Unreal/Magisterka/Content/Texture/Minigolf/new/ball_red.uasset" 99
"../../../../../Magisterka/Unreal/Magisterka/Content/Texture/Minigolf/minigolf_ball.uasset" 100
"../../../../../Magisterka/Unreal/Magisterka/Content/Texture/minigolf_ball.uasset" 101
"../../../../../Magisterka/Unreal/Magisterka/Content/Texture/Minigolf/01_-_Default.uasset" 102
"../../../../../Magisterka/Unreal/Magisterka/Content/Texture/Minigolf/BackColor.uasset" 103
"../../../../../Magisterka/Unreal/Magisterka/Content/Texture/Minigolf/Grey.uasset" 104
"../../../../../Magisterka/Unreal/Magisterka/Content/Texture/Minigolf/Red.uasset" 105
"../../../../../Magisterka/Unreal/Magisterka/Content/Texture/Minigolf/Flag_red_01.uasset" 106
"../../../../../Magisterka/Unreal/Magisterka/Content/Texture/Minigolf/new/green.uasset" 107
"../../../../../Magisterka/Unreal/Magisterka/Content/Texture/Minigolf/new/ball_green.uasset" 108
"../../../../../Magisterka/Unreal/Magisterka/Content/Texture/Minigolf/new/block.uasset" 109
"../../../../../Magisterka/Unreal/Magisterka/Content/Texture/Minigolf/new/bump.uasset" 110
"../../../../../Magisterka/Unreal/Magisterka/Content/Texture/Minigolf/new/bumpDown.uasset" 111
"../../../../../Magisterka/Unreal/Magisterka/Content/Texture/Minigolf/new/bumpDownWalls.uasset" 112
"../../../../../Magisterka/Unreal/Magisterka/Content/Texture/Minigolf/new/bumpWalls.uasset" 113
"../../../../../Magisterka/Unreal/Magisterka/Content/Texture/Minigolf/new/wood.uasset" 114
"../../../../../Magisterka/Unreal/Magisterka/Content/Texture/Minigolf/new/castle.uasset" 115
"../../../../../Magisterka/Unreal/Magisterka/Content/Texture/Minigolf/new/blue.uasset" 116
"../../../../../Magisterka/Unreal/Magisterka/Content/Texture/Minigolf/new/club_blue.uasset" 117
"../../../../../Magisterka/Unreal/Magisterka/Content/Texture/Minigolf/new/club_green.uasset" 118
"../../../../../Magisterka/Unreal/Magisterka/Content/Texture/Minigolf/new/corner.uasset" 119
"../../../../../Magisterka/Unreal/Magisterka/Content/Texture/Minigolf/new/flag_blue.uasset" 120
"../../../../../Magisterka/Unreal/Magisterka/Content/Texture/Minigolf/new/flag_green.uasset" 121
"../../../../../Magisterka/Unreal/Magisterka/Content/Texture/Minigolf/new/gap.uasset" 122
"../../../../../Magisterka/Unreal/Magisterka/Content/Texture/Minigolf/new/_defaultMat.uasset" 123
"../../../../../Magisterka/Unreal/Magisterka/Content/Texture/Minigolf/new/hillCorner.uasset" 124
"../../../../../Magisterka/Unreal/Magisterka/Content/Texture/Minigolf/new/hillSquare.uasset" 125
"../../../../../Magisterka/Unreal/Magisterka/Content/Texture/Minigolf/new/holeOpen.uasset" 126
"../../../../../Magisterka/Unreal/Magisterka/Content/Texture/Minigolf/new/holeRound.uasset" 127
"../../../../../Magisterka/Unreal/Magisterka/Content/Texture/Minigolf/new/innerCorner.uasset" 128
"../../../../../Magisterka/Unreal/Magisterka/Content/Texture/Minigolf/new/narrowSquare.uasset" 129
"../../../../../Magisterka/Unreal/Magisterka/Content/Texture/Minigolf/new/obstacleBlock.uasset" 130
"../../../../../Magisterka/Unreal/Magisterka/Content/Texture/Minigolf/new/obstacleTriangle.uasset" 131
"../../../../../Magisterka/Unreal/Magisterka/Content/Texture/Minigolf/new/open.uasset" 132
"../../../../../Magisterka/Unreal/Magisterka/Content/Texture/Minigolf/new/rampB.uasset" 133
"../../../../../Magisterka/Unreal/Magisterka/Content/Texture/Minigolf/new/rampC.uasset" 134
"../../../../../Magisterka/Unreal/Magisterka/Content/Texture/Minigolf/new/rampSharp.uasset" 135
"../../../../../Magisterka/Unreal/Magisterka/Content/Texture/Minigolf/new/roundCornerA.uasset" 136
"../../../../../Magisterka/Unreal/Magisterka/Content/Texture/Minigolf/new/roundCornerB.uasset" 137
"../../../../../Magisterka/Unreal/Magisterka/Content/Texture/Minigolf/new/side.uasset" 138
"../../../../../Magisterka/Unreal/Magisterka/Content/Texture/Minigolf/new/splitStart.uasset" 139
"../../../../../Magisterka/Unreal/Magisterka/Content/Texture/Minigolf/new/splitT.uasset" 140
"../../../../../Magisterka/Unreal/Magisterka/Content/Texture/Minigolf/new/splitWallsToOpen.uasset" 141
"../../../../../Magisterka/Unreal/Magisterka/Content/Texture/Minigolf/new/start.uasset" 142
"../../../../../Magisterka/Unreal/Magisterka/Content/Texture/Minigolf/new/tunnelWide.uasset" 143
"../../../../../Magisterka/Unreal/Magisterka/Content/Texture/Minigolf/new/wallsToOpen.uasset" 144
"../../../../../Magisterka/Unreal/Magisterka/Content/VirtualReality/Materials/M_BaseMaterial.uasset" 145
"../../../../../Magisterka/Unreal/Magisterka/Content/VirtualReality/Materials/MI_BaseMaterial2.uasset" 146
"../../../../../Magisterka/Unreal/Magisterka/Content/VirtualReality/Materials/MI_BaseMaterial3.uasset" 147
"../../../../../Magisterka/Unreal/Magisterka/Content/Physics/BallPhysics.uasset" 148
"../../../../../Magisterka/Unreal/Magisterka/Content/VirtualReality/Materials/MI_SmallCubes.uasset" 149
"../../../../../Magisterka/Unreal/Magisterka/Content/VirtualReality/Materials/GenericHMDMaterial.uasset" 150
"../../../../../Magisterka/Unreal/Magisterka/Content/VirtualReality/Meshes/GenericHMD.uasset" 151
"../../../Engine/Content/VREditor/Devices/Vive/ViveControllerDiffuse.uasset" 152
"../../../Engine/Content/VREditor/Devices/Vive/ViveControllerMaterial.uasset" 153
"../../../Engine/Content/VREditor/BasicMeshes/T_CleanFloorGrunge_01_D.uasset" 154
"../../../Engine/Content/VREditor/BasicMeshes/M_Floor_01.uasset" 155
"../../../Engine/Content/VREditor/BasicMeshes/MI_Ball_01.uasset" 156
"../../../Engine/Content/VREditor/BasicMeshes/SM_Ball_01.uasset" 157
"../../../../../Magisterka/Unreal/Magisterka/Content/Texture/ball.uasset" 158
"../../../../../Magisterka/Unreal/Magisterka/Content/VirtualRealityBP/Blueprints/ball.uasset" 159
"../../../Engine/Content/Functions/Engine_MaterialFunctions02/Utility/BreakOutFloat2Components.uasset" 160
"../../../Engine/Content/Functions/Engine_MaterialFunctions01/Texturing/ScaleUVsByCenter.uasset" 161
"../../../Engine/Content/Functions/Engine_MaterialFunctions02/ScreenResolution.uasset" 162
"../../../Engine/Content/Functions/Engine_MaterialFunctions02/Texturing/ScreenAlignedUVs.uasset" 163
"../../../Engine/Content/Functions/Engine_MaterialFunctions02/Utility/CameraDirectionVector.uasset" 164
"../../../Engine/Content/Functions/Engine_MaterialFunctions02/Utility/DepthFromWorldPosition.uasset" 165
"../../../../../Magisterka/Unreal/Magisterka/Content/VirtualReality/Materials/MF_OccludedPixels.uasset" 166
"../../../../../Magisterka/Unreal/Magisterka/Content/VirtualReality/Materials/TeleportMCP.uasset" 167
"../../../Engine/Content/EngineMaterials/Good64x64TilingNoiseHighFreq.uasset" 168
"../../../../../Magisterka/Unreal/Magisterka/Content/VirtualReality/Materials/M_ArcEndpoint.uasset" 169
"../../../../../Magisterka/Unreal/Magisterka/Content/VirtualReality/Materials/M_TeleportPreviews.uasset" 170
"../../../../../Magisterka/Unreal/Magisterka/Content/VirtualReality/Materials/MI_TeleportCylinderPreview.uasset" 171
"../../../Engine/Content/Functions/Engine_MaterialFunctions01/Opacity/CameraDepthFade.uasset" 172
"../../../Engine/Content/EngineMaterials/T_Default_Material_Grid_M.uasset" 173
"../../../Engine/Content/EngineMaterials/T_Default_Material_Grid_N.uasset" 174
"../../../Engine/Content/EngineMaterials/DefaultMaterial.uasset" 175
"../../../Engine/Content/BasicShapes/Cylinder.uasset" 176
"../../../Engine/Content/EngineMaterials/WorldGridMaterial.uasset" 177
"../../../../../Magisterka/Unreal/Magisterka/Content/VirtualReality/Meshes/BeaconDirection.uasset" 178
"../../../../../Magisterka/Unreal/Magisterka/Content/VirtualReality/Meshes/SM_FatCylinder.uasset" 179
"../../../../../Magisterka/Unreal/Magisterka/Content/VirtualRealityBP/Blueprints/HMDLocomotionPawn.uasset" 180
"../../../Engine/Content/Animation/DefaultAnimCurveCompressionSettings.uasset" 181
"../../../Engine/Content/ArtTools/RenderToTexture/Meshes/S_1_Unit_Plane.uasset" 182
"../../../Engine/Content/BasicShapes/Cone.uasset" 183
"../../../Engine/Content/BasicShapes/Plane.uasset" 184
"../../../Engine/Content/EditorLandscapeResources/DataLayer.uasset" 185
"../../../Engine/Content/EditorMaterials/MAT_Groups_Toggle.uasset" 186
"../../../Engine/Content/EditorMaterials/MAT_Groups_Visibility.uasset" 187
"../../../Engine/Content/EditorMaterials/PreviewShadowIndicator.uasset" 188
"../../../Engine/Content/EditorMaterials/PreviewShadowIndicatorMaterial.uasset" 189
"../../../Engine/Content/EditorMaterials/MatineeGroups/MAT_ColorTrack.uasset" 190
"../../../Engine/Content/EditorMaterials/MatineeGroups/MAT_Groups_Anim.uasset" 191
"../../../Engine/Content/EditorMaterials/MatineeGroups/MAT_Groups_AudioMaster.uasset" 192
"../../../Engine/Content/EditorMaterials/MatineeGroups/MAT_Groups_Director.uasset" 193
"../../../Engine/Content/EditorMaterials/MatineeGroups/MAT_Groups_Event.uasset" 194
"../../../Engine/Content/EditorMaterials/MatineeGroups/MAT_Groups_Fade.uasset" 195
"../../../Engine/Content/EditorMaterials/MatineeGroups/MAT_Groups_Float.uasset" 196
"../../../Engine/Content/EditorMaterials/MatineeGroups/MAT_Groups_Move.uasset" 197
"../../../Engine/Content/EditorMaterials/MatineeGroups/MAT_Groups_Slomo.uasset" 198
"../../../Engine/Content/EditorMaterials/MatineeGroups/MAT_Groups_Sound.uasset" 199
"../../../Engine/Content/EditorMaterials/MatineeGroups/MAT_Groups_Vector.uasset" 200
"../../../Engine/Content/EditorMaterials/ParticleSystems/PSysThumbnail_NoImage.uasset" 201
"../../../Engine/Content/EditorMaterials/ParticleSystems/PSysThumbnail_OOD.uasset" 202
"../../../Engine/Content/EditorMaterials/Camera/CineMat.uasset" 203
"../../../Engine/Content/EditorMaterials/Camera/MI_CineMat_Rig.uasset" 204
"../../../Engine/Content/EditorMeshes/Camera/SM_CraneRig_Arm.uasset" 205
"../../../Engine/Content/EditorMeshes/Camera/SM_CraneRig_Base.uasset" 206
"../../../Engine/Content/EditorMeshes/Camera/SM_CraneRig_Body.uasset" 207
"../../../Engine/Content/EditorMeshes/Camera/SM_CraneRig_Mount.uasset" 208
"../../../Engine/Content/EditorMeshes/Camera/SM_RailRig_Mount.uasset" 209
"../../../Engine/Content/EditorMeshes/Camera/SM_RailRig_Track.uasset" 210
"../../../Engine/Content/EditorResources/BSPVertex.uasset" 211
"../../../Engine/Content/EditorResources/EmptyActor.uasset" 212
"../../../Engine/Content/EditorResources/S_Actor.uasset" 213
"../../../Engine/Content/EditorResources/S_Note.uasset" 214
"../../../Engine/Content/EditorResources/S_Solver.uasset" 215
"../../../Engine/Content/EditorResources/S_Trigger.uasset" 216
"../../../Engine/Content/EditorResources/AudioIcons/S_AudioComponent.uasset" 217
"../../../Engine/Content/EditorResources/AudioIcons/S_AudioComponent_AutoActivate.uasset" 218
"../../../Engine/Content/EditorResources/LightIcons/S_LightError.uasset" 219
"../../../Engine/Content/EditorResources/SequenceRecorder/Countdown.uasset" 220
"../../../Engine/Content/EditorResources/SequenceRecorder/RecordingIndicator.uasset" 221
"../../../Engine/Content/EditorSounds/Notifications/CompileFailed.uasset" 222
"../../../Engine/Content/EditorSounds/Notifications/CompileFailed_Cue.uasset" 223
"../../../Engine/Content/EditorSounds/Notifications/CompileSuccess.uasset" 224
"../../../Engine/Content/EditorSounds/Notifications/CompileStart_Cue.uasset" 225
"../../../Engine/Content/EditorSounds/Notifications/CompileSuccess_Cue.uasset" 226
"../../../Engine/Content/EngineDamageTypes/DmgTypeBP_Environmental.uasset" 227
"../../../Engine/Content/EngineDebugMaterials/DebugEditorMaterial.uasset" 228
"../../../Engine/Content/EngineDebugMaterials/DebugMeshMaterial.uasset" 229
"../../../Engine/Content/EngineDebugMaterials/M_SimpleUnlitTranslucent.uasset" 230
"../../../Engine/Content/EngineDebugMaterials/VolumeToRender.uasset" 231
"../../../Engine/Content/EngineDebugMaterials/M_VolumeRenderSphereTracePP.uasset" 232
"../../../Engine/Content/EngineDebugMaterials/WireframeMaterial.uasset" 233
"../../../Engine/Content/EngineFonts/Faces/DroidSansFallback.uasset" 234
"../../../Engine/Content/EngineFonts/Faces/RobotoBold.uasset" 235
"../../../Engine/Content/EngineFonts/Faces/RobotoBoldItalic.uasset" 236
"../../../Engine/Content/EngineFonts/Faces/RobotoItalic.uasset" 237
"../../../Engine/Content/EngineFonts/Faces/RobotoLight.uasset" 238
"../../../Engine/Content/EngineFonts/Faces/RobotoRegular.uasset" 239
"../../../Engine/Content/EngineFonts/Roboto.uasset" 240
"../../../Engine/Content/EngineMaterials/BaseFlattenDiffuseMap.uasset" 241
"../../../Engine/Content/EngineMaterials/BaseFlattenEmissiveMap.uasset" 242
"../../../Engine/Content/EngineMaterials/BaseFlattenGrayscaleMap.uasset" 243
"../../../Engine/Content/EngineMaterials/BaseFlattenNormalMap.uasset" 244
"../../../Engine/Content/EngineMaterials/BaseFlattenMaterial.uasset" 245
"../../../Engine/Content/EngineMaterials/BlueNoise.uasset" 246
"../../../Engine/Content/EngineMaterials/DefaultBloomKernel.uasset" 247
"../../../Engine/Content/EngineMaterials/DefaultBokeh.uasset" 248
"../../../Engine/Content/EngineMaterials/DefaultDiffuse.uasset" 249
"../../../Engine/Content/EngineMaterials/DefaultDeferredDecalMaterial.uasset" 250
"../../../Engine/Content/EngineMaterials/DefaultLightFunctionMaterial.uasset" 251
"../../../Engine/Content/EngineMaterials/DefaultPhysicalMaterial.uasset" 252
"../../../Engine/Content/EngineMaterials/DefaultPostProcessMaterial.uasset" 253
"../../../Engine/Content/EngineFonts/RobotoDistanceField.uasset" 254
"../../../Engine/Content/EngineMaterials/DefaultTextMaterialOpaque.uasset" 255
"../../../Engine/Content/EngineMaterials/DefaultWhiteGrid.uasset" 256
"../../../Engine/Content/EngineMaterials/DefaultWhiteGrid_Low.uasset" 257
"../../../Engine/Content/EngineMaterials/EmissiveMeshMaterial.uasset" 258
"../../../Engine/Content/EngineMaterials/GizmoMaterial.uasset" 259
"../../../Engine/Content/EngineMaterials/MiniFont.uasset" 260
"../../../Engine/Content/EngineMaterials/InvalidLightmapSettings.uasset" 261
"../../../Engine/Content/EngineMaterials/M_InvalidLightmapSettings.uasset" 262
"../../../Engine/Content/Functions/Engine_MaterialFunctions02/WorldPositionOffset/CameraOffset.uasset" 263
"../../../Engine/Content/EngineMaterials/PhAT_JointLimitMaterial.uasset" 264
"../../../Engine/Content/EngineMaterials/PreintegratedSkinBRDF.uasset" 265
"../../../Engine/Content/EngineMaterials/RemoveSurfaceMaterial.uasset" 266
"../../../Engine/Content/EngineMaterials/WeightMapPlaceholderTexture.uasset" 267
"../../../Engine/Content/EngineResources/WhiteSquareTexture.uasset" 268
"../../../Engine/Content/EngineMaterials/Widget3DPassThrough.uasset" 269
"../../../Engine/Content/EngineMaterials/Widget3DPassThrough_Masked.uasset" 270
"../../../Engine/Content/EngineMaterials/Widget3DPassThrough_Opaque.uasset" 271
"../../../Engine/Content/EngineMaterials/Widget3DPassThrough_Masked_OneSided.uasset" 272
"../../../Engine/Content/EngineMaterials/Widget3DPassThrough_Opaque_OneSided.uasset" 273
"../../../Engine/Content/EngineMaterials/Widget3DPassThrough_Translucent.uasset" 274
"../../../Engine/Content/EngineMaterials/Widget3DPassThrough_Translucent_OneSided.uasset" 275
"../../../Engine/Content/EngineMeshes/Cube.uasset" 276
"../../../Engine/Content/EngineMeshes/Cylinder.uasset" 277
"../../../Engine/Content/EngineMeshes/Sphere.uasset" 278
"../../../Engine/Content/EngineResources/Black.uasset" 279
"../../../Engine/Content/EngineResources/DefaultTexture.uasset" 280
"../../../Engine/Content/EngineResources/DefaultTextureCube.uasset" 281
"../../../Engine/Content/EngineResources/DefaultVolumeTexture2D.uasset" 282
"../../../Engine/Content/EngineResources/DefaultVolumeTexture.uasset" 283
"../../../Engine/Content/EngineResources/GradientTexture0.uasset" 284
"../../../Engine/Content/EngineSounds/Master.uasset" 285
"../../../Engine/Content/Functions/Engine_MaterialFunctions01/Shading/ConvertFromDiffSpec.uasset" 286
"../../../Engine/Content/Functions/Engine_MaterialFunctions01/Shading/PowerToRoughness.uasset" 287
"../../../Engine/Content/Maps/Templates/Thumbnails/Default.uasset" 288
"../../../Engine/Content/Maps/Templates/Thumbnails/TimeOfDay.uasset" 289
"../../../Engine/Content/Maps/Templates/Thumbnails/VR-Basic.uasset" 290
"../../../Engine/Content/MobileResources/T_MobileControls_texture.uasset" 291
"../../../Engine/Content/MobileResources/T_MobileMenu2.uasset" 292
"../../../Engine/Content/MobileResources/HUD/AnalogHat.uasset" 293
"../../../Engine/Content/MobileResources/HUD/VirtualJoystick_Background.uasset" 294
"../../../Engine/Content/MobileResources/HUD/VirtualJoystick_Thumb.uasset" 295
"../../../Engine/Content/MobileResources/HUD/DefaultVirtualJoysticks.uasset" 296
"../../../Engine/Content/MobileResources/HUD/LeftVirtualJoystickOnly.uasset" 297
"../../../Engine/Content/MobileResources/HUD/MobileHUDButton1_off.uasset" 298
"../../../Engine/Content/MobileResources/HUD/MobileHUDButton1_on.uasset" 299
"../../../Engine/Content/MobileResources/HUD/MobileHUDButton2_off.uasset" 300
"../../../Engine/Content/MobileResources/HUD/MobileHUDButton2_on.uasset" 301
"../../../Engine/Content/MobileResources/HUD/MobileHUDButton3.uasset" 302
"../../../Engine/Content/MobileResources/HUD/MobileHUDButtonFire.uasset" 303
"../../../Engine/Content/MobileResources/HUD/MobileHUDDirectionPad.uasset" 304
"../../../Engine/Content/MobileResources/HUD/MobileHUDDirectionPad2.uasset" 305
"../../../Engine/Content/MobileResources/HUD/MobileHUDDirectionPad3.uasset" 306
"../../../Engine/Content/MobileResources/HUD/MobileHUDDirectionStick.uasset" 307
"../../../Engine/Content/MobileResources/HUD/T_Castle_ThumbstickInner.uasset" 308
"../../../Engine/Content/MobileResources/HUD/T_Castle_ThumbstickOutter.uasset" 309
"../../../Engine/Content/Tutorial/ContentIntroCurve.uasset" 310
"../../../Engine/Content/Tutorial/Basics/FeaturePacks.uasset" 311
"../../../Engine/Content/Tutorial/Basics/LevelEditorAttract.uasset" 312
"../../../Engine/Content/Tutorial/Basics/TutorialAssets/icon_tab_Levels_40x.uasset" 313
"../../../Engine/Content/Tutorial/Basics/LevelEditorOverview.uasset" 314
"../../../Engine/Content/Tutorial/Basics/TutorialAssets/CameraActor_64x.uasset" 315
"../../../Engine/Content/Tutorial/Basics/ViewportsTutorial.uasset" 316
"../../../Engine/Content/Tutorial/BlueprintTutorials/TutorialAssets/Blueprint_64x.uasset" 317
"../../../Engine/Content/Tutorial/InWorldBlueprintEditing/IWBE_Tutorial.uasset" 318
"../../../Engine/Content/Tutorial/InWorldBlueprintEditing/IWBE_Tutorial_Part2.uasset" 319
"../../../Engine/Content/Tutorial/InWorldBlueprintEditing/IWBE_Tutorial_Part3.uasset" 320
"../../../Engine/Content/Tutorial/SubEditors/StaticMeshEditorTutorial.uasset" 321
"../../../Engine/Content/VREditor/LaserPointer/VR_LaserPower_01.uasset" 322
"../../../Engine/Content/VREditor/TransformGizmo/TransformGizmoMaterial.uasset" 323
"../../../Engine/Content/VREditor/TransformGizmo/TranslucentTransformGizmoMaterial.uasset" 324
"../../../Engine/Content/VREditor/TransformGizmo/BoundingBoxCorner.uasset" 325
"../../../Engine/Content/VREditor/TransformGizmo/BoundingBoxEdge.uasset" 326
"../../../Engine/Content/VREditor/TransformGizmo/PlaneTranslationHandle.uasset" 327
"../../../Engine/Content/VREditor/TransformGizmo/Main.uasset" 328
"../../../Engine/Content/VREditor/TransformGizmo/Xray.uasset" 329
"../../../Engine/Content/VREditor/TransformGizmo/SM_Sequencer_Key.uasset" 330
"../../../Engine/Content/VREditor/TransformGizmo/SM_Sequencer_Node.uasset" 331
"../../Plugins/2D/Paper2D/Content/PlaceholderTextures/DummySpriteTexture.uasset" 332
"../../Plugins/2D/Paper2D/Content/DummySprite.uasset" 333
"../../Plugins/2D/Paper2D/Content/DefaultPaperTerrainMaterial.uasset" 334
"../../Plugins/2D/Paper2D/Content/DefaultSpriteMaterial.uasset" 335
"../../Plugins/2D/Paper2D/Content/MaskedUnlitSpriteMaterial.uasset" 336
"../../Plugins/2D/Paper2D/Content/OpaqueUnlitSpriteMaterial.uasset" 337
"../../Plugins/FX/Niagara/Content/Enums/ENiagaraBooleanLogicOps.uasset" 338
"../../Plugins/FX/Niagara/Content/Enums/ENiagaraCoordinateSpace.uasset" 339
"../../Plugins/FX/Niagara/Content/Enums/ENiagaraExpansionMode.uasset" 340
"../../Plugins/FX/Niagara/Content/Enums/ENiagaraOrientationAxis.uasset" 341
"../../Plugins/FX/Niagara/Content/Enums/ENiagaraRandomnessMode.uasset" 342
"../../../Engine/Content/Functions/Engine_MaterialFunctions02/Utility/BreakOutFloat4Components.uasset" 343
"../../../Engine/Content/Functions/Engine_MaterialFunctions02/Utility/MakeFloat2.uasset" 344
"../../../Engine/Content/Functions/Engine_MaterialFunctions02/Utility/MakeFloat3.uasset" 345
"../../Plugins/Runtime/Oculus/OculusVR/Content/Materials/OculusMR_ChromaKey.uasset" 346
"../../Plugins/Runtime/Oculus/OculusVR/Content/Materials/OculusMR_ChromaKey_Lit.uasset" 347
"../../Plugins/Runtime/Oculus/OculusVR/Content/Materials/OculusMR_OpaqueColoredMaterial.uasset" 348
"../../Plugins/Runtime/Oculus/OculusVR/Content/Materials/OculusMR_WhiteMaterial.uasset" 349
"../../../Engine/Content/EngineSky/C_Sky_Cloud_Color.uasset" 350
"../../../Engine/Content/EngineSky/C_Sky_Horizon_Color.uasset" 351
"../../../Engine/Content/EngineSky/C_Sky_Zenith_Color.uasset" 352
"../../../Engine/Content/EngineSky/T_Sky_Blue.uasset" 353
"../../../Engine/Content/EngineSky/T_Sky_Clouds_M.uasset" 354
"../../../Engine/Content/EngineSky/T_Sky_Stars.uasset" 355
"../../../Engine/Content/EngineSky/M_Sky_Panning_Clouds2.uasset" 356
"../../../Engine/Content/EngineSky/SM_SkySphere.uasset" 357
"../../../Engine/Content/EngineSky/BP_Sky_Sphere.uasset" 358
"../../../../../Magisterka/Unreal/Magisterka/Content/Blueprints/Score_point.uasset" 359
"../../../../../Magisterka/Unreal/Magisterka/Content/Texture/Minigolf/new/holeSquare.uasset" 360
"../../../../../Magisterka/Unreal/Magisterka/Content/Texture/Minigolf/Hole.uasset" 361
"../../../../../Magisterka/Unreal/Magisterka/Content/Texture/Mat/Kegel_AlbedoTransparency.uasset" 362
"../../../../../Magisterka/Unreal/Magisterka/Content/Texture/Mat/Pin.uasset" 363
"../../../../../Magisterka/Unreal/Magisterka/Content/Texture/Kegel_ball_Kegel.uasset" 364
"../../../../../Magisterka/Unreal/Magisterka/Content/Texture/PIN.uasset" 365
"../../../Engine/Content/Animation/DefaultAnimBoneCompressionSettings.uasset" 366
"../../../../../Magisterka/Unreal/Magisterka/Content/VirtualReality/Mannequin/Character/Mesh/MannequinHand_Right_Skeleton.uasset" 367
"../../../../../Magisterka/Unreal/Magisterka/Content/VirtualReality/Mannequin/Animations/MannequinHand_Right_CanGrab.uasset" 368
"../../../../../Magisterka/Unreal/Magisterka/Content/VirtualReality/Mannequin/Animations/MannequinHand_Right_Grab.uasset" 369
"../../../../../Magisterka/Unreal/Magisterka/Content/VirtualReality/Mannequin/Animations/MannequinHand_Right_Open.uasset" 370
"../../../../../Magisterka/Unreal/Magisterka/Content/VirtualReality/Mannequin/Animations/RightGrip_BS.uasset" 371
"../../../../../Magisterka/Unreal/Magisterka/Content/VirtualRealityBP/Blueprints/GripEnum.uasset" 372
"../../../../../Magisterka/Unreal/Magisterka/Content/VirtualReality/Mannequin/Animations/RightHand_AnimBP.uasset" 373
"../../../../../Magisterka/Unreal/Magisterka/Content/VirtualRealityBP/Blueprints/MotionControllerHaptics.uasset" 374
"../../../../../Magisterka/Unreal/Magisterka/Content/VirtualReality/Materials/M_SplineArcMat.uasset" 375
"../../../../../Magisterka/Unreal/Magisterka/Content/VirtualReality/Materials/MI_ChaperoneOutline.uasset" 376
"../../../Engine/Content/BasicShapes/Sphere.uasset" 377
"../../../../../Magisterka/Unreal/Magisterka/Content/VirtualReality/Mannequin/Character/Textures/UE4_Mannequin__normals.uasset" 378
"../../../../../Magisterka/Unreal/Magisterka/Content/VirtualReality/Mannequin/Character/Textures/UE4_Mannequin_MAT_MASKA.uasset" 379
"../../../../../Magisterka/Unreal/Magisterka/Content/VirtualReality/Mannequin/Character/Materials/M_HandMat.uasset" 380
"../../../../../Magisterka/Unreal/Magisterka/Content/VirtualReality/Mannequin/Character/Mesh/MannequinHand_Right_PhysicsAsset.uasset" 381
"../../../../../Magisterka/Unreal/Magisterka/Content/VirtualReality/Mannequin/Character/Mesh/MannequinHand_Right.uasset" 382
"../../../../../Magisterka/Unreal/Magisterka/Content/VirtualReality/Meshes/1x1_cube.uasset" 383
"../../../../../Magisterka/Unreal/Magisterka/Content/VirtualReality/Meshes/BeamMesh.uasset" 384
"../../../../../Magisterka/Unreal/Magisterka/Content/VirtualRealityBP/Blueprints/BP_MotionController.uasset" 385
"../../../../../Magisterka/Unreal/Magisterka/Content/VirtualRealityBP/Blueprints/MotionControllerPawn.uasset" 386
"../../../../../Magisterka/Unreal/Magisterka/Content/Widget/Reset.uasset" 387
"../../../../../Magisterka/Unreal/Magisterka/Content/Widget/ResetButton.uasset" 388
"../../../../../Magisterka/Unreal/Magisterka/Content/Map/Game_BuiltData.uasset" 389
"../../../../../Magisterka/Unreal/Magisterka/Content/StarterContent/Textures/T_MacroVariation.uasset" 390
"../../../../../Magisterka/Unreal/Magisterka/Content/StarterContent/Textures/T_Perlin_Noise_M.uasset" 391
"../../../../../Magisterka/Unreal/Magisterka/Content/StarterContent/Textures/T_Wood_Pine_D.uasset" 392
"../../../../../Magisterka/Unreal/Magisterka/Content/StarterContent/Textures/T_Wood_Pine_N.uasset" 393
"../../../../../Magisterka/Unreal/Magisterka/Content/StarterContent/Materials/M_Wood_Pine.uasset" 394
"../../../Engine/Content/BasicShapes/Cube.uasset" 395
"../../../Engine/Content/MapTemplates/SM_Template_Map_Floor.uasset" 396
"../../../../../Magisterka/Unreal/Magisterka/Content/Texture/Minigolf/new/crest.uasset" 397
"../../../../../Magisterka/Unreal/Magisterka/Content/Texture/Minigolf/new/end.uasset" 398
"../../../../../Magisterka/Unreal/Magisterka/Content/Texture/Minigolf/new/flag_red.uasset" 399
"../../../../../Magisterka/Unreal/Magisterka/Content/Texture/Minigolf/new/hillRound.uasset" 400
"../../../../../Magisterka/Unreal/Magisterka/Content/Texture/Minigolf/new/narrowBlock.uasset" 401
"../../../../../Magisterka/Unreal/Magisterka/Content/Texture/Minigolf/new/narrowRound.uasset" 402
"../../../../../Magisterka/Unreal/Magisterka/Content/Texture/Minigolf/new/obstacleDiamond.uasset" 403
"../../../../../Magisterka/Unreal/Magisterka/Content/Texture/Minigolf/new/rampA.uasset" 404
"../../../../../Magisterka/Unreal/Magisterka/Content/Texture/Minigolf/new/rampD.uasset" 405
"../../../../../Magisterka/Unreal/Magisterka/Content/Texture/Minigolf/new/rampSquare.uasset" 406
"../../../../../Magisterka/Unreal/Magisterka/Content/Texture/Minigolf/new/roundCornerC.uasset" 407
"../../../../../Magisterka/Unreal/Magisterka/Content/Texture/Minigolf/new/split.uasset" 408
"../../../../../Magisterka/Unreal/Magisterka/Content/Texture/Minigolf/new/squareCornerA.uasset" 409
"../../../../../Magisterka/Unreal/Magisterka/Content/Texture/Minigolf/new/straight.uasset" 410
"../../../../../Magisterka/Unreal/Magisterka/Content/Texture/Minigolf/new/tunnelDouble.uasset" 411
"../../../../../Magisterka/Unreal/Magisterka/Content/Texture/Minigolf/new/tunnelNarrow.uasset" 412
"../../../../../Magisterka/Unreal/Magisterka/Content/Texture/Minigolf/new/wallLeft.uasset" 413
"../../../../../Magisterka/Unreal/Magisterka/Content/Texture/Minigolf/new/wallRight.uasset" 414
"../../../../../Magisterka/Unreal/Magisterka/Content/Texture/Minigolf/new/windmill_blades.uasset" 415
"../../../../../Magisterka/Unreal/Magisterka/Content/Texture/Minigolf/new/windmill_windmill.uasset" 416
"../../../../../Magisterka/Unreal/Magisterka/Content/Map/Game.umap" 417
"../../../../../Magisterka/Unreal/Magisterka/Content/StarterContent/Blueprints/Assets/FogBrightnessLUT.uasset" 418
"../../../../../Magisterka/Unreal/Magisterka/Content/StarterContent/Blueprints/Assets/SunlightColorLUT.uasset" 419
"../../../../../Magisterka/Unreal/Magisterka/Content/StarterContent/Blueprints/Assets/M_LightStage_Arrows.uasset" 420
"../../../Engine/Content/MapTemplates/Sky/DaylightAmbientCubemap.uasset" 421
"../../../../../Magisterka/Unreal/Magisterka/Content/StarterContent/Blueprints/Assets/M_LightStage_Skybox_Master.uasset" 422
"../../../../../Magisterka/Unreal/Magisterka/Content/StarterContent/Blueprints/Assets/M_LightStage_Skybox_Black.uasset" 423
"../../../../../Magisterka/Unreal/Magisterka/Content/StarterContent/Blueprints/Assets/M_LightStage_Skybox_HDRI.uasset" 424
"../../../Engine/Content/EditorMaterials/Thumbnails/SkySphereMaterial.uasset" 425
"../../../../../Magisterka/Unreal/Magisterka/Content/StarterContent/Blueprints/Assets/Skybox.uasset" 426
"../../../../../Magisterka/Unreal/Magisterka/Content/StarterContent/Blueprints/Assets/SM_Arrows.uasset" 427
"../../../../../Magisterka/Unreal/Magisterka/Content/StarterContent/HDRI/HDRI_Epic_Courtyard_Daylight.uasset" 428
"../../../../../Magisterka/Unreal/Magisterka/Content/StarterContent/Blueprints/BP_LightStudio.uasset" 429
"../../../../../Magisterka/Unreal/Magisterka/Content/StarterContent/Maps/Advanced_Lighting_BuiltData.uasset" 430
"../../../../../Magisterka/Unreal/Magisterka/Content/StarterContent/Materials/M_AssetPlatform.uasset" 431
"../../../Engine/Content/EditorMeshes/ColorCalibrator/M_ChromeBall.uasset" 432
"../../../Engine/Content/EditorMeshes/ColorCalibrator/M_ClearCoat.uasset" 433
"../../../Engine/Content/EditorMeshes/ColorCalibrator/M_ClearCoatBlack.uasset" 434
"../../../Engine/Content/EditorMeshes/ColorCalibrator/Color_checker.uasset" 435
"../../../Engine/Content/EditorMeshes/ColorCalibrator/M_ColorGrid.uasset" 436
"../../../Engine/Content/EditorMeshes/ColorCalibrator/M_GreyBall.uasset" 437
"../../../Engine/Content/EditorMeshes/ColorCalibrator/SM_ColorCalibrator.uasset" 438
"../../../../../Magisterka/Unreal/Magisterka/Content/StarterContent/Architecture/SM_AssetPlatform.uasset" 439
"../../../../../Magisterka/Unreal/Magisterka/Content/StarterContent/Maps/Advanced_Lighting.umap" 440
"../../../../../Magisterka/Unreal/Magisterka/Content/StarterContent/Maps/Minimal_Default_BuiltData.uasset" 441
"../../../../../Magisterka/Unreal/Magisterka/Content/StarterContent/Materials/M_Metal_Brushed_Nickel.uasset" 442
"../../../../../Magisterka/Unreal/Magisterka/Content/StarterContent/Textures/T_Metal_Aluminum_D.uasset" 443
"../../../../../Magisterka/Unreal/Magisterka/Content/StarterContent/Textures/T_Metal_Gold_N.uasset" 444
"../../../../../Magisterka/Unreal/Magisterka/Content/StarterContent/Materials/M_Metal_Burnished_Steel.uasset" 445
"../../../../../Magisterka/Unreal/Magisterka/Content/StarterContent/Textures/T_Metal_Copper_D.uasset" 446
"../../../../../Magisterka/Unreal/Magisterka/Content/StarterContent/Materials/M_Metal_Copper.uasset" 447
"../../../../../Magisterka/Unreal/Magisterka/Content/StarterContent/Textures/T_Statue_M.uasset" 448
"../../../../../Magisterka/Unreal/Magisterka/Content/StarterContent/Textures/T_Statue_N.uasset" 449
"../../../../../Magisterka/Unreal/Magisterka/Content/StarterContent/Props/Materials/M_StatueGlass.uasset" 450
"../../../../../Magisterka/Unreal/Magisterka/Content/StarterContent/Architecture/Floor_400x400.uasset" 451
"../../../../../Magisterka/Unreal/Magisterka/Content/StarterContent/Audio/Starter_Background_Cue.uasset" 452
"../../../../../Magisterka/Unreal/Magisterka/Content/StarterContent/Props/SM_Chair.uasset" 453
"../../../../../Magisterka/Unreal/Magisterka/Content/StarterContent/Props/Materials/M_Statue.uasset" 454
"../../../../../Magisterka/Unreal/Magisterka/Content/StarterContent/Props/SM_Statue.uasset" 455
"../../../../../Magisterka/Unreal/Magisterka/Content/StarterContent/Textures/T_TableRound_M.uasset" 456
"../../../../../Magisterka/Unreal/Magisterka/Content/StarterContent/Textures/T_TableRound_N.uasset" 457
"../../../../../Magisterka/Unreal/Magisterka/Content/StarterContent/Props/Materials/M_TableRound.uasset" 458
"../../../../../Magisterka/Unreal/Magisterka/Content/StarterContent/Props/SM_TableRound.uasset" 459
"../../../../../Magisterka/Unreal/Magisterka/Content/StarterContent/Maps/Minimal_Default.umap" 460
"../../../../../Magisterka/Unreal/Magisterka/Content/StarterContent/Audio/Fire01_Cue.uasset" 461
"../../../../../Magisterka/Unreal/Magisterka/Content/StarterContent/Textures/T_Fire_SubUV.uasset" 462
"../../../../../Magisterka/Unreal/Magisterka/Content/StarterContent/Textures/T_Fire_Tiled_D.uasset" 463
"../../../../../Magisterka/Unreal/Magisterka/Content/StarterContent/Particles/Materials/M_Fire_SubUV.uasset" 464
"../../../../../Magisterka/Unreal/Magisterka/Content/StarterContent/Textures/T_Water_N.uasset" 465
"../../../../../Magisterka/Unreal/Magisterka/Content/StarterContent/Particles/Materials/M_Heat_Distortion.uasset" 466
"../../../../../Magisterka/Unreal/Magisterka/Content/StarterContent/Particles/Materials/M_Radial_Gradient.uasset" 467
"../../../../../Magisterka/Unreal/Magisterka/Content/StarterContent/Particles/P_Fire.uasset" 468
"../../../../../Magisterka/Unreal/Magisterka/Content/StarterContent/Blueprints/Blueprint_Effect_Fire.uasset" 469
"../../../../../Magisterka/Unreal/Magisterka/Content/StarterContent/Audio/Smoke01_Cue.uasset" 470
"../../../../../Magisterka/Unreal/Magisterka/Content/StarterContent/Particles/P_Smoke.uasset" 471
"../../../../../Magisterka/Unreal/Magisterka/Content/StarterContent/Blueprints/Blueprint_Effect_Smoke.uasset" 472
"../../../../../Magisterka/Unreal/Magisterka/Content/StarterContent/Audio/Fire_Sparks01_Cue.uasset" 473
"../../../../../Magisterka/Unreal/Magisterka/Content/StarterContent/Textures/T_Spark_Core.uasset" 474
"../../../../../Magisterka/Unreal/Magisterka/Content/StarterContent/Particles/Materials/M_Spark.uasset" 475
"../../../../../Magisterka/Unreal/Magisterka/Content/StarterContent/Particles/P_Sparks.uasset" 476
"../../../../../Magisterka/Unreal/Magisterka/Content/StarterContent/Blueprints/Blueprint_Effect_Sparks.uasset" 477
"../../../../../Magisterka/Unreal/Magisterka/Content/StarterContent/Audio/Steam01_Cue.uasset" 478
"../../../../../Magisterka/Unreal/Magisterka/Content/StarterContent/Particles/P_Steam_Lit.uasset" 479
"../../../../../Magisterka/Unreal/Magisterka/Content/StarterContent/Blueprints/Blueprint_Effect_Steam.uasset" 480
"../../../../../Magisterka/Unreal/Magisterka/Content/StarterContent/Textures/T_Lamp_M.uasset" 481
"../../../../../Magisterka/Unreal/Magisterka/Content/StarterContent/Textures/T_Lamp_N.uasset" 482
"../../../../../Magisterka/Unreal/Magisterka/Content/StarterContent/Props/Materials/M_Lamp.uasset" 483
"../../../../../Magisterka/Unreal/Magisterka/Content/StarterContent/Props/SM_Lamp_Ceiling.uasset" 484
"../../../../../Magisterka/Unreal/Magisterka/Content/StarterContent/Blueprints/Blueprint_CeilingLight.uasset" 485
"../../../../../Magisterka/Unreal/Magisterka/Content/StarterContent/Props/SM_Lamp_Wall.uasset" 486
"../../../../../Magisterka/Unreal/Magisterka/Content/StarterContent/Blueprints/Blueprint_WallSconce.uasset" 487
"../../../../../Magisterka/Unreal/Magisterka/Content/StarterContent/Maps/StarterMap_BuiltData.uasset" 488
"../../../Engine/Content/Functions/Engine_MaterialFunctions03/Procedurals/ComputeFilterWidth.uasset" 489
"../../../Engine/Content/EngineMaterials/AntiAliasedTextMaterialTranslucent.uasset" 490
"../../../../../Magisterka/Unreal/Magisterka/Content/StarterContent/Textures/T_Brick_Clay_Beveled_D.uasset" 491
"../../../../../Magisterka/Unreal/Magisterka/Content/StarterContent/Textures/T_Brick_Clay_Beveled_M.uasset" 492
"../../../../../Magisterka/Unreal/Magisterka/Content/StarterContent/Textures/T_Brick_Clay_Beveled_N.uasset" 493
"../../../../../Magisterka/Unreal/Magisterka/Content/StarterContent/Materials/M_Brick_Clay_Beveled.uasset" 494
"../../../../../Magisterka/Unreal/Magisterka/Content/StarterContent/Textures/T_Brick_Clay_New_D.uasset" 495
"../../../../../Magisterka/Unreal/Magisterka/Content/StarterContent/Textures/T_Brick_Clay_New_M.uasset" 496
"../../../../../Magisterka/Unreal/Magisterka/Content/StarterContent/Textures/T_Brick_Clay_New_N.uasset" 497
"../../../../../Magisterka/Unreal/Magisterka/Content/StarterContent/Materials/M_Brick_Clay_New.uasset" 498
"../../../../../Magisterka/Unreal/Magisterka/Content/StarterContent/Textures/T_Brick_Clay_Old_D.uasset" 499
"../../../../../Magisterka/Unreal/Magisterka/Content/StarterContent/Textures/T_Brick_Clay_Old_N.uasset" 500
"../../../../../Magisterka/Unreal/Magisterka/Content/StarterContent/Materials/M_Brick_Clay_Old.uasset" 501
"../../../../../Magisterka/Unreal/Magisterka/Content/StarterContent/Textures/T_Brick_Cut_Stone_D.uasset" 502
"../../../../../Magisterka/Unreal/Magisterka/Content/StarterContent/Textures/T_Brick_Cut_Stone_N.uasset" 503
"../../../../../Magisterka/Unreal/Magisterka/Content/StarterContent/Materials/M_Brick_Cut_Stone.uasset" 504
"../../../../../Magisterka/Unreal/Magisterka/Content/StarterContent/Textures/T_Brick_Hewn_Stone_D.uasset" 505
"../../../../../Magisterka/Unreal/Magisterka/Content/StarterContent/Textures/T_Brick_Hewn_Stone_M.uasset" 506
"../../../../../Magisterka/Unreal/Magisterka/Content/StarterContent/Textures/T_Brick_Hewn_Stone_N.uasset" 507
"../../../../../Magisterka/Unreal/Magisterka/Content/StarterContent/Materials/M_Brick_Hewn_Stone.uasset" 508
"../../../../../Magisterka/Unreal/Magisterka/Content/StarterContent/Textures/T_Ceramic_Tile_M.uasset" 509
"../../../../../Magisterka/Unreal/Magisterka/Content/StarterContent/Textures/T_Ceramic_Tile_N.uasset" 510
"../../../../../Magisterka/Unreal/Magisterka/Content/StarterContent/Textures/T_Rock_Marble_Polished_D.uasset" 511
"../../../../../Magisterka/Unreal/Magisterka/Content/StarterContent/Materials/M_Ceramic_Tile_Checker.uasset" 512
"../../../../../Magisterka/Unreal/Magisterka/Content/StarterContent/Textures/T_CobbleStone_Pebble_D.uasset" 513
"../../../../../Magisterka/Unreal/Magisterka/Content/StarterContent/Textures/T_CobbleStone_Pebble_M.uasset" 514
"../../../../../Magisterka/Unreal/Magisterka/Content/StarterContent/Textures/T_CobbleStone_Pebble_N.uasset" 515
"../../../../../Magisterka/Unreal/Magisterka/Content/StarterContent/Materials/M_CobbleStone_Pebble.uasset" 516
"../../../../../Magisterka/Unreal/Magisterka/Content/StarterContent/Textures/T_CobbleStone_Rough_D.uasset" 517
"../../../../../Magisterka/Unreal/Magisterka/Content/StarterContent/Textures/T_CobbleStone_Rough_N.uasset" 518
"../../../../../Magisterka/Unreal/Magisterka/Content/StarterContent/Textures/T_Gradinet_01.uasset" 519
"../../../../../Magisterka/Unreal/Magisterka/Content/StarterContent/Textures/T_Rock_Smooth_Granite_D.uasset" 520
"../../../../../Magisterka/Unreal/Magisterka/Content/StarterContent/Materials/M_CobbleStone_Rough.uasset" 521
"../../../../../Magisterka/Unreal/Magisterka/Content/StarterContent/Textures/T_CobbleStone_Smooth_D.uasset" 522
"../../../../../Magisterka/Unreal/Magisterka/Content/StarterContent/Textures/T_CobbleStone_Smooth_M.uasset" 523
"../../../../../Magisterka/Unreal/Magisterka/Content/StarterContent/Textures/T_CobbleStone_Smooth_N.uasset" 524
"../../../../../Magisterka/Unreal/Magisterka/Content/StarterContent/Materials/M_CobbleStone_Smooth.uasset" 525
"../../../../../Magisterka/Unreal/Magisterka/Content/StarterContent/Textures/T_Concrete_Grime_D.uasset" 526
"../../../../../Magisterka/Unreal/Magisterka/Content/StarterContent/Textures/T_Metal_Rust_N.uasset" 527
"../../../../../Magisterka/Unreal/Magisterka/Content/StarterContent/Materials/M_Concrete_Grime.uasset" 528
"../../../../../Magisterka/Unreal/Magisterka/Content/StarterContent/Textures/T_Concrete_Panels_D.uasset" 529
"../../../../../Magisterka/Unreal/Magisterka/Content/StarterContent/Textures/T_Concrete_Panels_N.uasset" 530
"../../../../../Magisterka/Unreal/Magisterka/Content/StarterContent/Materials/M_Concrete_Panels.uasset" 531
"../../../../../Magisterka/Unreal/Magisterka/Content/StarterContent/Textures/T_Concrete_Poured_D.uasset" 532
"../../../../../Magisterka/Unreal/Magisterka/Content/StarterContent/Textures/T_Concrete_Poured_N.uasset" 533
"../../../../../Magisterka/Unreal/Magisterka/Content/StarterContent/Materials/M_Concrete_Poured.uasset" 534
"../../../../../Magisterka/Unreal/Magisterka/Content/StarterContent/Textures/T_Concrete_Tiles_D.uasset" 535
"../../../../../Magisterka/Unreal/Magisterka/Content/StarterContent/Textures/T_Concrete_Tiles_M.uasset" 536
"../../../../../Magisterka/Unreal/Magisterka/Content/StarterContent/Textures/T_Concrete_Tiles_N.uasset" 537
"../../../../../Magisterka/Unreal/Magisterka/Content/StarterContent/Textures/T_Concrete_Tiles_Variation_M.uasset" 538
"../../../../../Magisterka/Unreal/Magisterka/Content/StarterContent/Materials/M_Concrete_Tiles.uasset" 539
"../../../../../Magisterka/Unreal/Magisterka/Content/StarterContent/Textures/T_Ground_Grass_D.uasset" 540
"../../../../../Magisterka/Unreal/Magisterka/Content/StarterContent/Textures/T_Ground_Grass_N.uasset" 541
"../../../../../Magisterka/Unreal/Magisterka/Content/StarterContent/Materials/M_Ground_Grass.uasset" 542
"../../../../../Magisterka/Unreal/Magisterka/Content/StarterContent/Textures/T_Ground_Gravel_D.uasset" 543
"../../../../../Magisterka/Unreal/Magisterka/Content/StarterContent/Textures/T_Ground_Gravel_N.uasset" 544
"../../../../../Magisterka/Unreal/Magisterka/Content/StarterContent/Materials/M_Ground_Gravel.uasset" 545
"../../../../../Magisterka/Unreal/Magisterka/Content/StarterContent/Textures/T_ground_Moss_D.uasset" 546
"../../../../../Magisterka/Unreal/Magisterka/Content/StarterContent/Textures/T_Ground_Moss_N.uasset" 547
"../../../../../Magisterka/Unreal/Magisterka/Content/StarterContent/Materials/M_Ground_Moss.uasset" 548
"../../../../../Magisterka/Unreal/Magisterka/Content/StarterContent/Materials/M_Metal_Chrome.uasset" 549
"../../../../../Magisterka/Unreal/Magisterka/Content/StarterContent/Textures/T_Metal_Gold_D.uasset" 550
"../../../../../Magisterka/Unreal/Magisterka/Content/StarterContent/Materials/M_Metal_Gold.uasset" 551
"../../../../../Magisterka/Unreal/Magisterka/Content/StarterContent/Textures/T_Metal_Rust_D.uasset" 552
"../../../../../Magisterka/Unreal/Magisterka/Content/StarterContent/Materials/M_Metal_Rust.uasset" 553
"../../../../../Magisterka/Unreal/Magisterka/Content/StarterContent/Textures/T_Metal_Steel_D.uasset" 554
"../../../../../Magisterka/Unreal/Magisterka/Content/StarterContent/Textures/T_Metal_Steel_N.uasset" 555
"../../../../../Magisterka/Unreal/Magisterka/Content/StarterContent/Materials/M_Metal_Steel.uasset" 556
"../../../../../Magisterka/Unreal/Magisterka/Content/StarterContent/Textures/T_Rock_Basalt_N.uasset" 557
"../../../../../Magisterka/Unreal/Magisterka/Content/StarterContent/Materials/M_Rock_Basalt.uasset" 558
"../../../../../Magisterka/Unreal/Magisterka/Content/StarterContent/Materials/M_Rock_Marble_Polished.uasset" 559
"../../../../../Magisterka/Unreal/Magisterka/Content/StarterContent/Textures/T_Rock_Sandstone_D.uasset" 560
"../../../../../Magisterka/Unreal/Magisterka/Content/StarterContent/Textures/T_Rock_Sandstone_N.uasset" 561
"../../../../../Magisterka/Unreal/Magisterka/Content/StarterContent/Materials/M_Rock_Sandstone.uasset" 562
"../../../../../Magisterka/Unreal/Magisterka/Content/StarterContent/Textures/T_Rock_Slate_D.uasset" 563
"../../../../../Magisterka/Unreal/Magisterka/Content/StarterContent/Textures/T_Rock_Slate_N.uasset" 564
"../../../../../Magisterka/Unreal/Magisterka/Content/StarterContent/Materials/M_Rock_Slate.uasset" 565
"../../../../../Magisterka/Unreal/Magisterka/Content/StarterContent/Textures/T_Checker_Noise_M.uasset" 566
"../../../../../Magisterka/Unreal/Magisterka/Content/StarterContent/Textures/T_Single_Tile_N.uasset" 567
"../../../../../Magisterka/Unreal/Magisterka/Content/StarterContent/Textures/T_Tech_Dot_M.uasset" 568
"../../../../../Magisterka/Unreal/Magisterka/Content/StarterContent/Textures/T_Tech_Dot_N.uasset" 569
"../../../../../Magisterka/Unreal/Magisterka/Content/StarterContent/Materials/M_Tech_Checker_Dot.uasset" 570
"../../../../../Magisterka/Unreal/Magisterka/Content/StarterContent/Textures/T_Tech_Hex_Tile_M.uasset" 571
"../../../../../Magisterka/Unreal/Magisterka/Content/StarterContent/Textures/T_Tech_Hex_Tile_N.uasset" 572
"../../../../../Magisterka/Unreal/Magisterka/Content/StarterContent/Materials/M_Tech_Hex_Tile.uasset" 573
"../../../../../Magisterka/Unreal/Magisterka/Content/StarterContent/Materials/M_Tech_Hex_Tile_Pulse.uasset" 574
"../../../../../Magisterka/Unreal/Magisterka/Content/StarterContent/Textures/T_Tech_Panel_M.uasset" 575
"../../../../../Magisterka/Unreal/Magisterka/Content/StarterContent/Textures/T_Tech_Panel_N.uasset" 576
"../../../../../Magisterka/Unreal/Magisterka/Content/StarterContent/Materials/M_Tech_Panel.uasset" 577
"../../../../../Magisterka/Unreal/Magisterka/Content/StarterContent/Materials/M_Water_Lake.uasset" 578
"../../../../../Magisterka/Unreal/Magisterka/Content/StarterContent/Textures/T_Water_M.uasset" 579
"../../../../../Magisterka/Unreal/Magisterka/Content/StarterContent/Materials/M_Water_Ocean.uasset" 580
"../../../../../Magisterka/Unreal/Magisterka/Content/StarterContent/Textures/T_Wood_Floor_Walnut_D.uasset" 581
"../../../../../Magisterka/Unreal/Magisterka/Content/StarterContent/Textures/T_Wood_Floor_Walnut_M.uasset" 582
"../../../../../Magisterka/Unreal/Magisterka/Content/StarterContent/Textures/T_Wood_Floor_Walnut_N.uasset" 583
"../../../../../Magisterka/Unreal/Magisterka/Content/StarterContent/Materials/M_Wood_Floor_Walnut_Polished.uasset" 584
"../../../Engine/Content/Functions/Engine_MaterialFunctions01/Opacity/AlphaOffset.uasset" 585
"../../../../../Magisterka/Unreal/Magisterka/Content/StarterContent/Materials/M_Wood_Floor_Walnut_Worn.uasset" 586
"../../../../../Magisterka/Unreal/Magisterka/Content/StarterContent/Textures/T_Wood_Oak_D.uasset" 587
"../../../../../Magisterka/Unreal/Magisterka/Content/StarterContent/Textures/T_Wood_Oak_N.uasset" 588
"../../../../../Magisterka/Unreal/Magisterka/Content/StarterContent/Materials/M_Wood_Oak.uasset" 589
"../../../../../Magisterka/Unreal/Magisterka/Content/StarterContent/Textures/T_Wood_Walnut_D.uasset" 590
"../../../../../Magisterka/Unreal/Magisterka/Content/StarterContent/Textures/T_Wood_Walnut_N.uasset" 591
"../../../../../Magisterka/Unreal/Magisterka/Content/StarterContent/Materials/M_Wood_Walnut.uasset" 592
"../../../../../Magisterka/Unreal/Magisterka/Content/StarterContent/Architecture/Wall_400x200.uasset" 593
"../../../../../Magisterka/Unreal/Magisterka/Content/StarterContent/Architecture/Wall_Door_400x300.uasset" 594
"../../../../../Magisterka/Unreal/Magisterka/Content/StarterContent/Architecture/Wall_Window_400x300.uasset" 595
"../../../../../Magisterka/Unreal/Magisterka/Content/StarterContent/Audio/Collapse_Cue.uasset" 596
"../../../../../Magisterka/Unreal/Magisterka/Content/StarterContent/Audio/Starter_Music_Cue.uasset" 597
"../../../../../Magisterka/Unreal/Magisterka/Content/StarterContent/Textures/T_Dust_Particle_D.uasset" 598
"../../../../../Magisterka/Unreal/Magisterka/Content/StarterContent/Particles/Materials/M_Dust_Particle.uasset" 599
"../../../../../Magisterka/Unreal/Magisterka/Content/StarterContent/Particles/P_Ambient_Dust.uasset" 600
"../../../../../Magisterka/Unreal/Magisterka/Content/StarterContent/Props/MaterialSphere.uasset" 601
"../../../../../Magisterka/Unreal/Magisterka/Content/StarterContent/Textures/T_Frame_M.uasset" 602
"../../../../../Magisterka/Unreal/Magisterka/Content/StarterContent/Textures/T_Frame_N.uasset" 603
"../../../../../Magisterka/Unreal/Magisterka/Content/StarterContent/Props/Materials/M_Frame.uasset" 604
"../../../../../Magisterka/Unreal/Magisterka/Content/StarterContent/Props/SM_CornerFrame.uasset" 605
"../../../../../Magisterka/Unreal/Magisterka/Content/StarterContent/Props/SM_DoorFrame.uasset" 606
"../../../../../Magisterka/Unreal/Magisterka/Content/StarterContent/Props/SM_GlassWindow.uasset" 607
"../../../../../Magisterka/Unreal/Magisterka/Content/StarterContent/Props/SM_PillarFrame.uasset" 608
"../../../../../Magisterka/Unreal/Magisterka/Content/StarterContent/Props/SM_PillarFrame300.uasset" 609
"../../../../../Magisterka/Unreal/Magisterka/Content/StarterContent/Props/SM_WindowFrame.uasset" 610
"../../../../../Magisterka/Unreal/Magisterka/Content/StarterContent/Shapes/Shape_Cube.uasset" 611
"../../../../../Magisterka/Unreal/Magisterka/Content/StarterContent/Shapes/Shape_QuadPyramid.uasset" 612
"../../../../../Magisterka/Unreal/Magisterka/Content/StarterContent/Shapes/Shape_Sphere.uasset" 613
"../../../../../Magisterka/Unreal/Magisterka/Content/StarterContent/Maps/StarterMap.umap" 614
"../../../Engine/Content/Maps/Entry_BuiltData.uasset" 615
"../../../Engine/Content/Maps/Entry.umap" 616
